<?xml version='1.0' encoding='utf-8'?>
<testsuite name="ConTest_v4.1.0" machine="NA" user="uig44320" failures="0" skipped="0" tests="4" time="223.48546290397644"><testcase classname="Tests" name="global_setup" time="49.90813159942627"><system-out>[ConTest TEST_RUNNER 15:56:15,915] Starting Tests Execution

============================== begin global_setup =============================

&lt;contest_carmaker.carmaker.carmaker_utils.CarMaker object at 0x000001CE77BC8A90&gt;
********************Hello World!*******************
[ConTest CarMaker 3.0.2 15:56:33,883] Command to start CarMaker: C:\LegacyApp\IPG\carmaker\win64-8.1.1\GUI\HIL.exe -cmdport 2327 -apphost localhost
[ConTest CarMaker 3.0.2 15:56:51,475] CarMaker GUI instance started successfully
[ConTest CarMaker 3.0.2 15:56:54,497] Project Path: D:/JenkinsServer_Main/workspace/FFL_CL_Simulation/package/tests/SIL/CarMaker
D:/JenkinsServer_Main/workspace/FFL_CL_Simulation/package/tests/SIL/CarMaker
[ConTest CarMaker 3.0.2 15:56:54,498] Selecting Project D:/JenkinsServer_Main/workspace/FFL_CL_Simulation/package/tests/SIL/CarMaker
[ConTest CarMaker 3.0.2 15:57:01,562] Waiting for Status idle
[ConTest CarMaker 3.0.2 15:57:02,822] Status idle detected
[ConTest CarMaker 3.0.2 15:57:02,822] CarMaker Started and Connected

Executed in 49908.13159942627 msec
[PASSED]

=============================== end global_setup ==============================

</system-out></testcase><testcase classname="Tests" name="SWT_SAMPLE_TESTv1(index: 0)" time="86.01873922348022"><system-out>
=========================== begin SWT_SAMPLE_TESTv1 ===========================


====================== begin SWT_SAMPLE_TESTv1(index: 0) ======================

[ConTest PARAMETERIZED 15:57:06,344] Running with parameters: {'Test_run': 'TEST_1', 'n2': 'D:\\JenkinsServer_Main\\workspace\\FFL_CL_Simulation\\package\\tests\\SIL\\CarMaker\\Data\\TestRun\\LVMD\\SWRT_ABS__DF_LVMD_Disable_Of_LVMD_Audio_Warning_For_VRU_1300658'}

/////////////////////////////////////////////////////////////////////////////////////////////////////////////////////////
*** running standard setup 'setup' from 'D:\JenkinsServer_Main\workspace\Contest_download\Simulation_script\setup.pytest'
/////////////////////////////////////////////////////////////////////////////////////////////////////////////////////////



[PRECONDITION-15:57:06.344139] Checking the .erg genefrated or not


[TESTSTEP-15:57:06.344139] Fetching carmaker class instance created in 'global_setup'
[EXPECTED-15:57:06.344139] Carmaker class instance grabbed successfully


[TESTSTEP-15:57:06.344139] Loading a test run of carmaker
[EXPECTED-15:57:06.345138] CarMaker started and test run loaded successfully
Waiting 5 secs.
[ConTest CarMaker 3.0.2 15:57:09,345] Loading TestRun D:/JenkinsServer_Main/workspace/FFL_CL_Simulation/package/tests/SIL/CarMaker/Data/TestRun/LVMD/SWRT_ABS__DF_LVMD_Disable_Of_LVMD_Audio_Warning_For_VRU_1300658
[ConTest CarMaker 3.0.2 15:57:11,347] Waiting for Status idle
[ConTest CarMaker 3.0.2 15:57:11,349] Status idle detected
[ConTest CarMaker 3.0.2 15:57:12,350] Simulation started.
Waiting 5 secs.........

///////////////////////////////////////////////////////////////////////////////////////////////////////////////////////////////
*** running standard teardown 'teardown' from 'D:\JenkinsServer_Main\workspace\Contest_download\Simulation_script\setup.pytest'
///////////////////////////////////////////////////////////////////////////////////////////////////////////////////////////////


Executed in 86018.73922348022 msec
[PASSED]

======================= end SWT_SAMPLE_TESTv1(index: 0) =======================

</system-out></testcase><testcase classname="Tests" name="SWT_SAMPLE_TESTv1(index: 1)" time="86.00886917114258"><system-out>
====================== begin SWT_SAMPLE_TESTv1(index: 1) ======================

[ConTest PARAMETERIZED 15:58:32,371] Running with parameters: {'Test_run': 'TEST_2', 'n2': 'D:\\JenkinsServer_Main\\workspace\\FFL_CL_Simulation\\package\\tests\\SIL\\CarMaker\\Data\\TestRun\\LVMD\\SWRT_ABS__DF_LVMD_Disable_Of_LVMD_Visual_Warning_For_VRU_1300654'}

/////////////////////////////////////////////////////////////////////////////////////////////////////////////////////////
*** running standard setup 'setup' from 'D:\JenkinsServer_Main\workspace\Contest_download\Simulation_script\setup.pytest'
/////////////////////////////////////////////////////////////////////////////////////////////////////////////////////////



[PRECONDITION-15:58:32.371009] Checking the .erg genefrated or not


[TESTSTEP-15:58:32.371009] Fetching carmaker class instance created in 'global_setup'
[EXPECTED-15:58:32.371009] Carmaker class instance grabbed successfully


[TESTSTEP-15:58:32.371009] Loading a test run of carmaker
[EXPECTED-15:58:32.372079] CarMaker started and test run loaded successfully
Waiting 5 secs.
[ConTest CarMaker 3.0.2 15:58:35,372] Loading TestRun D:/JenkinsServer_Main/workspace/FFL_CL_Simulation/package/tests/SIL/CarMaker/Data/TestRun/LVMD/SWRT_ABS__DF_LVMD_Disable_Of_LVMD_Visual_Warning_For_VRU_1300654
[ConTest CarMaker 3.0.2 15:58:37,374] Waiting for Status idle
[ConTest CarMaker 3.0.2 15:58:37,375] Status idle detected
[ConTest CarMaker 3.0.2 15:58:38,376] Simulation started.
Waiting 5 secs.........

///////////////////////////////////////////////////////////////////////////////////////////////////////////////////////////////
*** running standard teardown 'teardown' from 'D:\JenkinsServer_Main\workspace\Contest_download\Simulation_script\setup.pytest'
///////////////////////////////////////////////////////////////////////////////////////////////////////////////////////////////


Executed in 86008.86917114258 msec
[PASSED]

======================= end SWT_SAMPLE_TESTv1(index: 1) =======================

</system-out></testcase><testcase classname="Tests" name="global_teardown" time="0.0035295486450195312"><system-out>
Executed in 172053.47061157227 msec
[PASSED]

============================ end SWT_SAMPLE_TESTv1 ============================


============================ begin global_teardown ============================

[ConTest CarMaker 3.0.2 15:59:58,891] Application Stopped
[ConTest CarMaker 3.0.2 15:59:58,891] Exiting CarMaker
[ConTest CarMaker 3.0.2 15:59:58,891] CarMaker disconnecting Telnet Connection

Executed in 3.5295486450195312 msec
[PASSED]

============================= end global_teardown =============================

</system-out></testcase></testsuite>