<?xml version='1.0' encoding='utf-8'?>
<testsuite name="ConTest_v4.1.0" machine="NA" user="uig44320" failures="0" skipped="0" tests="4" time="217.22654724121094"><testcase classname="Tests" name="global_setup" time="43.64900493621826"><system-out>[ConTest TEST_RUNNER 10:15:51,653] Starting Tests Execution

============================== begin global_setup =============================

&lt;contest_carmaker.carmaker.carmaker_utils.CarMaker object at 0x000002765F736ED0&gt;
********************Hello World!*******************
[ConTest CarMaker 3.0.2 10:16:06,430] Command to start CarMaker: C:\LegacyApp\IPG\carmaker\win64-8.1.1\GUI\HIL.exe -cmdport 2327 -apphost localhost
[ConTest CarMaker 3.0.2 10:16:20,813] CarMaker GUI instance started successfully
[ConTest CarMaker 3.0.2 10:16:23,815] Project Path: D:/JenkinsServer_Main/workspace/FFL_CL_Simulation/package/tests/SIL/CarMaker
D:/JenkinsServer_Main/workspace/FFL_CL_Simulation/package/tests/SIL/CarMaker
[ConTest CarMaker 3.0.2 10:16:23,815] Selecting Project D:/JenkinsServer_Main/workspace/FFL_CL_Simulation/package/tests/SIL/CarMaker
[ConTest CarMaker 3.0.2 10:16:30,864] Waiting for Status idle
[ConTest CarMaker 3.0.2 10:16:32,302] Status idle detected
[ConTest CarMaker 3.0.2 10:16:32,302] CarMaker Started and Connected

Executed in 43649.00493621826 msec
[PASSED]

=============================== end global_setup ==============================

</system-out></testcase><testcase classname="Tests" name="SWT_SAMPLE_TESTv1(index: 0)" time="86.01734638214111"><system-out>
=========================== begin SWT_SAMPLE_TESTv1 ===========================


====================== begin SWT_SAMPLE_TESTv1(index: 0) ======================

[ConTest PARAMETERIZED 10:16:35,820] Running with parameters: {'Test_run': 'TEST_1', 'n2': 'D:\\JenkinsServer_Main\\workspace\\FFL_CL_Simulation\\package\\tests\\SIL\\CarMaker\\Data\\TestRun\\LVMD\\SWRT_ABS__DF_LVMD_Disable_Of_LVMD_Audio_Warning_For_VRU_1300658'}

/////////////////////////////////////////////////////////////////////////////////////////////////////////////////////////
*** running standard setup 'setup' from 'D:\JenkinsServer_Main\workspace\Contest_download\Simulation_script\setup.pytest'
/////////////////////////////////////////////////////////////////////////////////////////////////////////////////////////



[PRECONDITION-10:16:35.821614] Checking the .erg genefrated or not


[TESTSTEP-10:16:35.821614] Fetching carmaker class instance created in 'global_setup'
[EXPECTED-10:16:35.821614] Carmaker class instance grabbed successfully


[TESTSTEP-10:16:35.821614] Loading a test run of carmaker
[EXPECTED-10:16:35.821614] CarMaker started and test run loaded successfully
Waiting 5 secs.
[ConTest CarMaker 3.0.2 10:16:38,822] Loading TestRun D:/JenkinsServer_Main/workspace/FFL_CL_Simulation/package/tests/SIL/CarMaker/Data/TestRun/LVMD/SWRT_ABS__DF_LVMD_Disable_Of_LVMD_Audio_Warning_For_VRU_1300658
[ConTest CarMaker 3.0.2 10:16:40,824] Waiting for Status idle
[ConTest CarMaker 3.0.2 10:16:40,825] Status idle detected
[ConTest CarMaker 3.0.2 10:16:41,827] Simulation started.
Waiting 5 secs.........

///////////////////////////////////////////////////////////////////////////////////////////////////////////////////////////////
*** running standard teardown 'teardown' from 'D:\JenkinsServer_Main\workspace\Contest_download\Simulation_script\setup.pytest'
///////////////////////////////////////////////////////////////////////////////////////////////////////////////////////////////


Executed in 86017.34638214111 msec
[PASSED]

======================= end SWT_SAMPLE_TESTv1(index: 0) =======================

</system-out></testcase><testcase classname="Tests" name="SWT_SAMPLE_TESTv1(index: 1)" time="86.00895071029663"><system-out>
====================== begin SWT_SAMPLE_TESTv1(index: 1) ======================

[ConTest PARAMETERIZED 10:18:01,847] Running with parameters: {'Test_run': 'TEST_2', 'n2': 'D:\\JenkinsServer_Main\\workspace\\FFL_CL_Simulation\\package\\tests\\SIL\\CarMaker\\Data\\TestRun\\LVMD\\SWRT_ABS__DF_LVMD_Disable_Of_LVMD_Visual_Warning_For_VRU_1300654'}

/////////////////////////////////////////////////////////////////////////////////////////////////////////////////////////
*** running standard setup 'setup' from 'D:\JenkinsServer_Main\workspace\Contest_download\Simulation_script\setup.pytest'
/////////////////////////////////////////////////////////////////////////////////////////////////////////////////////////



[PRECONDITION-10:18:01.847273] Checking the .erg genefrated or not


[TESTSTEP-10:18:01.847273] Fetching carmaker class instance created in 'global_setup'
[EXPECTED-10:18:01.847273] Carmaker class instance grabbed successfully


[TESTSTEP-10:18:01.847273] Loading a test run of carmaker
[EXPECTED-10:18:01.847273] CarMaker started and test run loaded successfully
Waiting 5 secs.
[ConTest CarMaker 3.0.2 10:18:04,848] Loading TestRun D:/JenkinsServer_Main/workspace/FFL_CL_Simulation/package/tests/SIL/CarMaker/Data/TestRun/LVMD/SWRT_ABS__DF_LVMD_Disable_Of_LVMD_Visual_Warning_For_VRU_1300654
[ConTest CarMaker 3.0.2 10:18:06,850] Waiting for Status idle
[ConTest CarMaker 3.0.2 10:18:06,852] Status idle detected
[ConTest CarMaker 3.0.2 10:18:07,853] Simulation started.
Waiting 5 secs.........

///////////////////////////////////////////////////////////////////////////////////////////////////////////////////////////////
*** running standard teardown 'teardown' from 'D:\JenkinsServer_Main\workspace\Contest_download\Simulation_script\setup.pytest'
///////////////////////////////////////////////////////////////////////////////////////////////////////////////////////////////


Executed in 86008.95071029663 msec
[PASSED]

======================= end SWT_SAMPLE_TESTv1(index: 1) =======================

</system-out></testcase><testcase classname="Tests" name="global_teardown" time="0.0052700042724609375"><system-out>
Executed in 172049.25227165222 msec
[PASSED]

============================ end SWT_SAMPLE_TESTv1 ============================


============================ begin global_teardown ============================

[ConTest CarMaker 3.0.2 10:19:28,364] Application Stopped
[ConTest CarMaker 3.0.2 10:19:28,364] Exiting CarMaker
[ConTest CarMaker 3.0.2 10:19:28,365] CarMaker disconnecting Telnet Connection

Executed in 5.2700042724609375 msec
[PASSED]

============================= end global_teardown =============================

</system-out></testcase></testsuite>